17:09:56.818 [main] INFO  u.f.j.s.SchoolConsoleApp - Starting SchoolConsoleApp on LAPTOP-T5Q8N5PI with PID 12180 (C:\git\repositorySchoolConsoleApp\SchoolConsoleApp\target\classes started by koval in C:\git\repositorySchoolConsoleApp\SchoolConsoleApp)
17:09:56.820 [main] DEBUG u.f.j.s.SchoolConsoleApp - Running with Spring Boot v2.3.12.RELEASE, Spring v5.2.15.RELEASE
17:09:56.821 [main] INFO  u.f.j.s.SchoolConsoleApp - The following profiles are active: JDBCTemplate
17:09:58.535 [main] INFO  u.f.j.s.SchoolConsoleApp - Started SchoolConsoleApp in 1.978 seconds (JVM running for 2.396)
17:09:58.537 [main] INFO  u.f.j.s.ApplicationStartupRunner - Hello
17:09:58.553 [main] INFO  u.f.j.s.aop.LoggingAspect - Method: boolean ua.foxminded.javaspring.schoolconsoleapp.dao.GroupDaoJDBC.isEmpty() executed in 13 milliseconds
17:13:29.659 [main] INFO  u.f.j.s.SchoolConsoleApp - Starting SchoolConsoleApp on LAPTOP-T5Q8N5PI with PID 14704 (C:\git\repositorySchoolConsoleApp\SchoolConsoleApp\target\classes started by koval in C:\git\repositorySchoolConsoleApp\SchoolConsoleApp)
17:13:29.661 [main] DEBUG u.f.j.s.SchoolConsoleApp - Running with Spring Boot v2.3.12.RELEASE, Spring v5.2.15.RELEASE
17:13:29.661 [main] INFO  u.f.j.s.SchoolConsoleApp - The following profiles are active: JDBCTemplate
17:13:31.298 [main] INFO  u.f.j.s.SchoolConsoleApp - Started SchoolConsoleApp in 1.879 seconds (JVM running for 2.331)
17:13:31.322 [main] INFO  u.f.j.s.aop.LoggingAspect - Method: List ua.foxminded.javaspring.schoolconsoleapp.dao.CourseDaoJDBC.getAll() executed in 19 milliseconds
17:14:17.607 [main] INFO  u.f.j.s.SchoolConsoleApp - Starting SchoolConsoleApp on LAPTOP-T5Q8N5PI with PID 14652 (C:\git\repositorySchoolConsoleApp\SchoolConsoleApp\target\classes started by koval in C:\git\repositorySchoolConsoleApp\SchoolConsoleApp)
17:14:17.609 [main] DEBUG u.f.j.s.SchoolConsoleApp - Running with Spring Boot v2.3.12.RELEASE, Spring v5.2.15.RELEASE
17:14:17.610 [main] INFO  u.f.j.s.SchoolConsoleApp - The following profiles are active: JDBCTemplate
17:14:19.201 [main] INFO  u.f.j.s.SchoolConsoleApp - Started SchoolConsoleApp in 1.86 seconds (JVM running for 2.298)
17:14:19.219 [main] INFO  u.f.j.s.aop.LoggingAspect - Method: List ua.foxminded.javaspring.schoolconsoleapp.dao.CourseDaoJDBC.getAll() executed in 14 milliseconds
17:17:07.234 [main] INFO  u.f.j.s.SchoolConsoleApp - Starting SchoolConsoleApp on LAPTOP-T5Q8N5PI with PID 9464 (C:\git\repositorySchoolConsoleApp\SchoolConsoleApp\target\classes started by koval in C:\git\repositorySchoolConsoleApp\SchoolConsoleApp)
17:17:07.237 [main] DEBUG u.f.j.s.SchoolConsoleApp - Running with Spring Boot v2.3.12.RELEASE, Spring v5.2.15.RELEASE
17:17:07.237 [main] INFO  u.f.j.s.SchoolConsoleApp - The following profiles are active: JDBCTemplate
17:17:09.041 [main] INFO  u.f.j.s.SchoolConsoleApp - Started SchoolConsoleApp in 2.082 seconds (JVM running for 2.468)
17:17:09.059 [main] INFO  u.f.j.s.aop.LoggingAspect - Method: List ua.foxminded.javaspring.schoolconsoleapp.dao.CourseDaoJDBC.getAll() executed in 13 milliseconds
17:17:36.258 [main] INFO  u.f.j.s.SchoolConsoleApp - Starting SchoolConsoleApp on LAPTOP-T5Q8N5PI with PID 12464 (C:\git\repositorySchoolConsoleApp\SchoolConsoleApp\target\classes started by koval in C:\git\repositorySchoolConsoleApp\SchoolConsoleApp)
17:17:36.260 [main] DEBUG u.f.j.s.SchoolConsoleApp - Running with Spring Boot v2.3.12.RELEASE, Spring v5.2.15.RELEASE
17:17:36.260 [main] INFO  u.f.j.s.SchoolConsoleApp - The following profiles are active: JDBCTemplate
17:17:37.946 [main] INFO  u.f.j.s.SchoolConsoleApp - Started SchoolConsoleApp in 1.969 seconds (JVM running for 2.353)
17:17:37.971 [main] INFO  u.f.j.s.aop.LoggingAspect - Method: List ua.foxminded.javaspring.schoolconsoleapp.dao.CourseDaoJDBC.getAll() executed in 19 milliseconds
17:18:02.615 [main] INFO  u.f.j.s.SchoolConsoleApp - Starting SchoolConsoleApp on LAPTOP-T5Q8N5PI with PID 5240 (C:\git\repositorySchoolConsoleApp\SchoolConsoleApp\target\classes started by koval in C:\git\repositorySchoolConsoleApp\SchoolConsoleApp)
17:18:02.618 [main] DEBUG u.f.j.s.SchoolConsoleApp - Running with Spring Boot v2.3.12.RELEASE, Spring v5.2.15.RELEASE
17:18:02.618 [main] INFO  u.f.j.s.SchoolConsoleApp - The following profiles are active: JDBCTemplate
17:18:04.429 [main] INFO  u.f.j.s.SchoolConsoleApp - Started SchoolConsoleApp in 2.063 seconds (JVM running for 2.621)
17:18:59.632 [main] INFO  u.f.j.s.SchoolConsoleApp - Starting SchoolConsoleApp on LAPTOP-T5Q8N5PI with PID 14640 (C:\git\repositorySchoolConsoleApp\SchoolConsoleApp\target\classes started by koval in C:\git\repositorySchoolConsoleApp\SchoolConsoleApp)
17:18:59.634 [main] DEBUG u.f.j.s.SchoolConsoleApp - Running with Spring Boot v2.3.12.RELEASE, Spring v5.2.15.RELEASE
17:18:59.634 [main] INFO  u.f.j.s.SchoolConsoleApp - The following profiles are active: JDBCTemplate
17:19:01.420 [main] INFO  u.f.j.s.SchoolConsoleApp - Started SchoolConsoleApp in 2.03 seconds (JVM running for 2.42)
17:19:01.531 [main] ERROR u.f.j.s.aop.LoggingAspect - Exception: 
org.springframework.jdbc.BadSqlGrammarException: StatementCallback; bad SQL grammar [SELECT * FROM school.course ORDER BY course_id]; nested exception is org.postgresql.util.PSQLException: ОШИБКА: отношение "school.course" не существует
  Позиция: 15
	at org.springframework.jdbc.support.SQLErrorCodeSQLExceptionTranslator.doTranslate(SQLErrorCodeSQLExceptionTranslator.java:239)
	at org.springframework.jdbc.support.AbstractFallbackSQLExceptionTranslator.translate(AbstractFallbackSQLExceptionTranslator.java:72)
	at org.springframework.jdbc.core.JdbcTemplate.translateException(JdbcTemplate.java:1443)
	at org.springframework.jdbc.core.JdbcTemplate.execute(JdbcTemplate.java:388)
	at org.springframework.jdbc.core.JdbcTemplate.query(JdbcTemplate.java:452)
	at org.springframework.jdbc.core.JdbcTemplate.query(JdbcTemplate.java:462)
	at ua.foxminded.javaspring.schoolconsoleapp.dao.CourseDaoJDBC.getAll(CourseDaoJDBC.java:54)
	at ua.foxminded.javaspring.schoolconsoleapp.dao.CourseDaoJDBC$$FastClassBySpringCGLIB$$653d7035.invoke(<generated>)
	at org.springframework.cglib.proxy.MethodProxy.invoke(MethodProxy.java:218)
	at org.springframework.aop.framework.CglibAopProxy$CglibMethodInvocation.invokeJoinpoint(CglibAopProxy.java:779)
	at org.springframework.aop.framework.ReflectiveMethodInvocation.proceed(ReflectiveMethodInvocation.java:163)
	at org.springframework.aop.framework.CglibAopProxy$CglibMethodInvocation.proceed(CglibAopProxy.java:750)
	at org.springframework.dao.support.PersistenceExceptionTranslationInterceptor.invoke(PersistenceExceptionTranslationInterceptor.java:139)
	at org.springframework.aop.framework.ReflectiveMethodInvocation.proceed(ReflectiveMethodInvocation.java:186)
	at org.springframework.aop.framework.CglibAopProxy$CglibMethodInvocation.proceed(CglibAopProxy.java:750)
	at org.springframework.aop.aspectj.MethodInvocationProceedingJoinPoint.proceed(MethodInvocationProceedingJoinPoint.java:88)
	at ua.foxminded.javaspring.schoolconsoleapp.aop.LoggingAspect.logExecutionTime_CourseDaoJDBC(LoggingAspect.java:37)
	at sun.reflect.NativeMethodAccessorImpl.invoke0(Native Method)
	at sun.reflect.NativeMethodAccessorImpl.invoke(NativeMethodAccessorImpl.java:62)
	at sun.reflect.DelegatingMethodAccessorImpl.invoke(DelegatingMethodAccessorImpl.java:43)
	at java.lang.reflect.Method.invoke(Method.java:498)
	at org.springframework.aop.aspectj.AbstractAspectJAdvice.invokeAdviceMethodWithGivenArgs(AbstractAspectJAdvice.java:644)
	at org.springframework.aop.aspectj.AbstractAspectJAdvice.invokeAdviceMethod(AbstractAspectJAdvice.java:633)
	at org.springframework.aop.aspectj.AspectJAroundAdvice.invoke(AspectJAroundAdvice.java:70)
	at org.springframework.aop.framework.ReflectiveMethodInvocation.proceed(ReflectiveMethodInvocation.java:186)
	at org.springframework.aop.framework.CglibAopProxy$CglibMethodInvocation.proceed(CglibAopProxy.java:750)
	at org.springframework.aop.interceptor.ExposeInvocationInterceptor.invoke(ExposeInvocationInterceptor.java:95)
	at org.springframework.aop.framework.ReflectiveMethodInvocation.proceed(ReflectiveMethodInvocation.java:186)
	at org.springframework.aop.framework.CglibAopProxy$CglibMethodInvocation.proceed(CglibAopProxy.java:750)
	at org.springframework.aop.framework.CglibAopProxy$DynamicAdvisedInterceptor.intercept(CglibAopProxy.java:692)
	at ua.foxminded.javaspring.schoolconsoleapp.dao.CourseDaoJDBC$$EnhancerBySpringCGLIB$$87bc2540.getAll(<generated>)
	at ua.foxminded.javaspring.schoolconsoleapp.service.CourseServiceImpl.getAll(CourseServiceImpl.java:38)
	at ua.foxminded.javaspring.schoolconsoleapp.ApplicationStartupRunner.run(ApplicationStartupRunner.java:50)
	at org.springframework.boot.SpringApplication.callRunner(SpringApplication.java:792)
	at org.springframework.boot.SpringApplication.callRunners(SpringApplication.java:776)
	at org.springframework.boot.SpringApplication.run(SpringApplication.java:319)
	at org.springframework.boot.SpringApplication.run(SpringApplication.java:1247)
	at org.springframework.boot.SpringApplication.run(SpringApplication.java:1236)
	at ua.foxminded.javaspring.schoolconsoleapp.SchoolConsoleApp.main(SchoolConsoleApp.java:10)
Caused by: org.postgresql.util.PSQLException: ОШИБКА: отношение "school.course" не существует
  Позиция: 15
	at org.postgresql.core.v3.QueryExecutorImpl.receiveErrorResponse(QueryExecutorImpl.java:2553)
	at org.postgresql.core.v3.QueryExecutorImpl.processResults(QueryExecutorImpl.java:2285)
	at org.postgresql.core.v3.QueryExecutorImpl.execute(QueryExecutorImpl.java:323)
	at org.postgresql.jdbc.PgStatement.executeInternal(PgStatement.java:473)
	at org.postgresql.jdbc.PgStatement.execute(PgStatement.java:393)
	at org.postgresql.jdbc.PgStatement.executeWithFlags(PgStatement.java:322)
	at org.postgresql.jdbc.PgStatement.executeCachedSql(PgStatement.java:308)
	at org.postgresql.jdbc.PgStatement.executeWithFlags(PgStatement.java:284)
	at org.postgresql.jdbc.PgStatement.executeQuery(PgStatement.java:236)
	at org.apache.commons.dbcp2.DelegatingStatement.executeQuery(DelegatingStatement.java:329)
	at org.apache.commons.dbcp2.DelegatingStatement.executeQuery(DelegatingStatement.java:329)
	at org.springframework.jdbc.core.JdbcTemplate$1QueryStatementCallback.doInStatement(JdbcTemplate.java:439)
	at org.springframework.jdbc.core.JdbcTemplate.execute(JdbcTemplate.java:376)
	... 35 common frames omitted
17:19:56.829 [main] INFO  u.f.j.s.SchoolConsoleApp - Starting SchoolConsoleApp on LAPTOP-T5Q8N5PI with PID 2968 (C:\git\repositorySchoolConsoleApp\SchoolConsoleApp\target\classes started by koval in C:\git\repositorySchoolConsoleApp\SchoolConsoleApp)
17:19:56.831 [main] DEBUG u.f.j.s.SchoolConsoleApp - Running with Spring Boot v2.3.12.RELEASE, Spring v5.2.15.RELEASE
17:19:56.831 [main] INFO  u.f.j.s.SchoolConsoleApp - The following profiles are active: JDBCTemplate
17:19:58.614 [main] INFO  u.f.j.s.SchoolConsoleApp - Started SchoolConsoleApp in 2.074 seconds (JVM running for 2.466)
17:19:58.629 [main] INFO  u.f.j.s.aop.LoggingAspect - Method: List ua.foxminded.javaspring.schoolconsoleapp.dao.CourseDaoJDBC.getAll() executed in 11 milliseconds
17:22:33.232 [main] INFO  u.f.j.s.SchoolConsoleApp - Starting SchoolConsoleApp on LAPTOP-T5Q8N5PI with PID 7084 (C:\git\repositorySchoolConsoleApp\SchoolConsoleApp\target\classes started by koval in C:\git\repositorySchoolConsoleApp\SchoolConsoleApp)
17:22:33.233 [main] DEBUG u.f.j.s.SchoolConsoleApp - Running with Spring Boot v2.3.12.RELEASE, Spring v5.2.15.RELEASE
17:22:33.234 [main] INFO  u.f.j.s.SchoolConsoleApp - The following profiles are active: JDBCTemplate
17:24:38.601 [main] INFO  u.f.j.s.SchoolConsoleApp - Starting SchoolConsoleApp on LAPTOP-T5Q8N5PI with PID 13820 (C:\git\repositorySchoolConsoleApp\SchoolConsoleApp\target\classes started by koval in C:\git\repositorySchoolConsoleApp\SchoolConsoleApp)
17:24:38.603 [main] DEBUG u.f.j.s.SchoolConsoleApp - Running with Spring Boot v2.3.12.RELEASE, Spring v5.2.15.RELEASE
17:24:38.603 [main] INFO  u.f.j.s.SchoolConsoleApp - The following profiles are active: JDBCTemplate
17:24:40.269 [main] INFO  u.f.j.s.SchoolConsoleApp - Started SchoolConsoleApp in 1.894 seconds (JVM running for 2.218)
17:24:40.290 [main] INFO  u.f.j.s.aop.LoggingAspect - Method: List ua.foxminded.javaspring.schoolconsoleapp.dao.CourseDaoJDBC.getAll() executed in 15 milliseconds
17:24:48.617 [main] INFO  u.f.j.s.SchoolConsoleApp - Starting SchoolConsoleApp on LAPTOP-T5Q8N5PI with PID 2916 (C:\git\repositorySchoolConsoleApp\SchoolConsoleApp\target\classes started by koval in C:\git\repositorySchoolConsoleApp\SchoolConsoleApp)
17:24:48.619 [main] DEBUG u.f.j.s.SchoolConsoleApp - Running with Spring Boot v2.3.12.RELEASE, Spring v5.2.15.RELEASE
17:24:48.619 [main] INFO  u.f.j.s.SchoolConsoleApp - The following profiles are active: JDBCTemplate
17:25:38.983 [main] INFO  u.f.j.s.SchoolConsoleApp - Starting SchoolConsoleApp on LAPTOP-T5Q8N5PI with PID 1492 (C:\git\repositorySchoolConsoleApp\SchoolConsoleApp\target\classes started by koval in C:\git\repositorySchoolConsoleApp\SchoolConsoleApp)
17:25:38.985 [main] DEBUG u.f.j.s.SchoolConsoleApp - Running with Spring Boot v2.3.12.RELEASE, Spring v5.2.15.RELEASE
17:25:38.986 [main] INFO  u.f.j.s.SchoolConsoleApp - The following profiles are active: JDBCTemplate
17:25:40.674 [main] INFO  u.f.j.s.SchoolConsoleApp - Started SchoolConsoleApp in 1.988 seconds (JVM running for 2.413)
17:25:40.754 [main] ERROR u.f.j.s.aop.LoggingAspect - Exception: 
org.springframework.jdbc.BadSqlGrammarException: StatementCallback; bad SQL grammar [SELECT * FROM school.course ORDER BY course_id]; nested exception is org.postgresql.util.PSQLException: ОШИБКА: отношение "school.course" не существует
  Позиция: 15
	at org.springframework.jdbc.support.SQLErrorCodeSQLExceptionTranslator.doTranslate(SQLErrorCodeSQLExceptionTranslator.java:239)
	at org.springframework.jdbc.support.AbstractFallbackSQLExceptionTranslator.translate(AbstractFallbackSQLExceptionTranslator.java:72)
	at org.springframework.jdbc.core.JdbcTemplate.translateException(JdbcTemplate.java:1443)
	at org.springframework.jdbc.core.JdbcTemplate.execute(JdbcTemplate.java:388)
	at org.springframework.jdbc.core.JdbcTemplate.query(JdbcTemplate.java:452)
	at org.springframework.jdbc.core.JdbcTemplate.query(JdbcTemplate.java:462)
	at ua.foxminded.javaspring.schoolconsoleapp.dao.CourseDaoJDBC.getAll(CourseDaoJDBC.java:54)
	at ua.foxminded.javaspring.schoolconsoleapp.dao.CourseDaoJDBC$$FastClassBySpringCGLIB$$653d7035.invoke(<generated>)
	at org.springframework.cglib.proxy.MethodProxy.invoke(MethodProxy.java:218)
	at org.springframework.aop.framework.CglibAopProxy$CglibMethodInvocation.invokeJoinpoint(CglibAopProxy.java:779)
	at org.springframework.aop.framework.ReflectiveMethodInvocation.proceed(ReflectiveMethodInvocation.java:163)
	at org.springframework.aop.framework.CglibAopProxy$CglibMethodInvocation.proceed(CglibAopProxy.java:750)
	at org.springframework.dao.support.PersistenceExceptionTranslationInterceptor.invoke(PersistenceExceptionTranslationInterceptor.java:139)
	at org.springframework.aop.framework.ReflectiveMethodInvocation.proceed(ReflectiveMethodInvocation.java:186)
	at org.springframework.aop.framework.CglibAopProxy$CglibMethodInvocation.proceed(CglibAopProxy.java:750)
	at org.springframework.aop.aspectj.MethodInvocationProceedingJoinPoint.proceed(MethodInvocationProceedingJoinPoint.java:88)
	at ua.foxminded.javaspring.schoolconsoleapp.aop.LoggingAspect.logExecutionTime_CourseDaoJDBC(LoggingAspect.java:37)
	at sun.reflect.NativeMethodAccessorImpl.invoke0(Native Method)
	at sun.reflect.NativeMethodAccessorImpl.invoke(NativeMethodAccessorImpl.java:62)
	at sun.reflect.DelegatingMethodAccessorImpl.invoke(DelegatingMethodAccessorImpl.java:43)
	at java.lang.reflect.Method.invoke(Method.java:498)
	at org.springframework.aop.aspectj.AbstractAspectJAdvice.invokeAdviceMethodWithGivenArgs(AbstractAspectJAdvice.java:644)
	at org.springframework.aop.aspectj.AbstractAspectJAdvice.invokeAdviceMethod(AbstractAspectJAdvice.java:633)
	at org.springframework.aop.aspectj.AspectJAroundAdvice.invoke(AspectJAroundAdvice.java:70)
	at org.springframework.aop.framework.ReflectiveMethodInvocation.proceed(ReflectiveMethodInvocation.java:186)
	at org.springframework.aop.framework.CglibAopProxy$CglibMethodInvocation.proceed(CglibAopProxy.java:750)
	at org.springframework.aop.interceptor.ExposeInvocationInterceptor.invoke(ExposeInvocationInterceptor.java:95)
	at org.springframework.aop.framework.ReflectiveMethodInvocation.proceed(ReflectiveMethodInvocation.java:186)
	at org.springframework.aop.framework.CglibAopProxy$CglibMethodInvocation.proceed(CglibAopProxy.java:750)
	at org.springframework.aop.framework.CglibAopProxy$DynamicAdvisedInterceptor.intercept(CglibAopProxy.java:692)
	at ua.foxminded.javaspring.schoolconsoleapp.dao.CourseDaoJDBC$$EnhancerBySpringCGLIB$$7400137.getAll(<generated>)
	at ua.foxminded.javaspring.schoolconsoleapp.service.CourseServiceImpl.getAll(CourseServiceImpl.java:38)
	at ua.foxminded.javaspring.schoolconsoleapp.ApplicationStartupRunner.run(ApplicationStartupRunner.java:50)
	at org.springframework.boot.SpringApplication.callRunner(SpringApplication.java:792)
	at org.springframework.boot.SpringApplication.callRunners(SpringApplication.java:776)
	at org.springframework.boot.SpringApplication.run(SpringApplication.java:319)
	at org.springframework.boot.SpringApplication.run(SpringApplication.java:1247)
	at org.springframework.boot.SpringApplication.run(SpringApplication.java:1236)
	at ua.foxminded.javaspring.schoolconsoleapp.SchoolConsoleApp.main(SchoolConsoleApp.java:10)
Caused by: org.postgresql.util.PSQLException: ОШИБКА: отношение "school.course" не существует
  Позиция: 15
	at org.postgresql.core.v3.QueryExecutorImpl.receiveErrorResponse(QueryExecutorImpl.java:2553)
	at org.postgresql.core.v3.QueryExecutorImpl.processResults(QueryExecutorImpl.java:2285)
	at org.postgresql.core.v3.QueryExecutorImpl.execute(QueryExecutorImpl.java:323)
	at org.postgresql.jdbc.PgStatement.executeInternal(PgStatement.java:473)
	at org.postgresql.jdbc.PgStatement.execute(PgStatement.java:393)
	at org.postgresql.jdbc.PgStatement.executeWithFlags(PgStatement.java:322)
	at org.postgresql.jdbc.PgStatement.executeCachedSql(PgStatement.java:308)
	at org.postgresql.jdbc.PgStatement.executeWithFlags(PgStatement.java:284)
	at org.postgresql.jdbc.PgStatement.executeQuery(PgStatement.java:236)
	at org.apache.commons.dbcp2.DelegatingStatement.executeQuery(DelegatingStatement.java:329)
	at org.apache.commons.dbcp2.DelegatingStatement.executeQuery(DelegatingStatement.java:329)
	at org.springframework.jdbc.core.JdbcTemplate$1QueryStatementCallback.doInStatement(JdbcTemplate.java:439)
	at org.springframework.jdbc.core.JdbcTemplate.execute(JdbcTemplate.java:376)
	... 35 common frames omitted
17:56:41.482 [main] INFO  u.f.j.s.SchoolConsoleApp - Starting SchoolConsoleApp on LAPTOP-T5Q8N5PI with PID 1680 (C:\git\repositorySchoolConsoleApp\SchoolConsoleApp\target\classes started by koval in C:\git\repositorySchoolConsoleApp\SchoolConsoleApp)
17:56:41.484 [main] DEBUG u.f.j.s.SchoolConsoleApp - Running with Spring Boot v2.3.12.RELEASE, Spring v5.2.15.RELEASE
17:56:41.484 [main] INFO  u.f.j.s.SchoolConsoleApp - The following profiles are active: JDBCTemplate
17:56:43.189 [main] INFO  u.f.j.s.SchoolConsoleApp - Started SchoolConsoleApp in 1.991 seconds (JVM running for 2.371)
17:56:43.205 [main] INFO  u.f.j.s.aop.LoggingAspect - Method: List ua.foxminded.javaspring.schoolconsoleapp.dao.CourseDaoJDBC.getAll() executed in 12 milliseconds
